<?xml version="1.0" encoding="utf-8"?><testsuites name="pytest tests"><testsuite name="pytest" errors="0" failures="0" skipped="0" tests="11" time="1.628" timestamp="2026-07-12T03:32:15.835839+00:00" hostname="agent-env-c68fa9e5-c3f3-4693-8ac6-043d63ed772b"><testcase classname="tests.test_phase3" name="test_rates_unauth" time="0.248" /><testcase classname="tests.test_phase3.TestRates" name="test_list_17_sorted" time="0.418" /><testcase classname="tests.test_phase3.TestRates" name="test_crud_custom_rate" time="0.175" /><testcase classname="tests.test_phase3.TestRates" name="test_invalid_trade_type" time="0.042" /><testcase classname="tests.test_phase3.TestRates" name="test_reset" time="0.093" /><testcase classname="tests.test_phase3.TestEstimates" name="test_summary" time="0.093" /><testcase classname="tests.test_phase3.TestEstimates" name="test_line_crud" time="0.187" /><testcase classname="tests.test_phase3.TestEstimates" name="test_validation_errors" time="0.094" /><testcase classname="tests.test_phase3.TestEstimates" name="test_settings_and_restore" time="0.134" /><testcase classname="tests.test_phase3.TestBudget" name="test_budget" time="0.045" /><testcase classname="tests.test_phase3.TestDashboard" name="test_dashboard" time="0.047" /></testsuite></testsuites>