<?xml version="1.0" encoding="utf-8"?><testsuites name="pytest tests"><testsuite name="pytest" errors="0" failures="0" skipped="0" tests="14" time="1.986" timestamp="2026-07-12T03:59:38.861060+00:00" hostname="agent-env-c68fa9e5-c3f3-4693-8ac6-043d63ed772b"><testcase classname="tests.test_phase4.TestDocuments" name="test_unauth_list_401" time="0.511" /><testcase classname="tests.test_phase4.TestDocuments" name="test_list_seeded_documents" time="0.054" /><testcase classname="tests.test_phase4.TestDocuments" name="test_upload_download_delete_roundtrip" time="0.243" /><testcase classname="tests.test_phase4.TestDocuments" name="test_invalid_category_400" time="0.048" /><testcase classname="tests.test_phase4.TestDocuments" name="test_invalid_extension_400" time="0.049" /><testcase classname="tests.test_phase4.TestSiteDiaryPDF" name="test_export_default_range" time="0.388" /><testcase classname="tests.test_phase4.TestSiteDiaryPDF" name="test_bad_date_format_400" time="0.051" /><testcase classname="tests.test_phase4.TestSiteDiaryPDF" name="test_empty_range_400" time="0.057" /><testcase classname="tests.test_phase4.TestSiteDiaryPDF" name="test_unauth_401" time="0.098" /><testcase classname="tests.test_phase4.TestEstimatePDF" name="test_export_estimate" time="0.060" /><testcase classname="tests.test_phase4.TestEstimatePDF" name="test_unauth_401" time="0.101" /><testcase classname="tests.test_phase4.TestPhotoDelete" name="test_delete_bogus_photo_404" time="0.051" /><testcase classname="tests.test_phase4.TestPhotoDelete" name="test_delete_unauth_401" time="0.103" /><testcase classname="tests.test_phase4.TestSeedIdempotencyPhase4" name="test_document_and_analysis_counts_stable" time="0.095" /></testsuite></testsuites>