<?xml version="1.0" encoding="utf-8"?><testsuites name="pytest tests"><testsuite name="pytest" errors="0" failures="0" skipped="0" tests="55" time="11.071" timestamp="2026-07-12T03:58:39.016720+00:00" hostname="agent-env-c68fa9e5-c3f3-4693-8ac6-043d63ed772b"><testcase classname="tests.test_phase1.TestAuth" name="test_unauth_projects_401" time="0.205" /><testcase classname="tests.test_phase1.TestAuth" name="test_unauth_photos_401" time="0.101" /><testcase classname="tests.test_phase1.TestAuth" name="test_login_and_me" time="0.367" /><testcase classname="tests.test_phase1.TestAuth" name="test_wrong_password_nonexistent_email" time="0.116" /><testcase classname="tests.test_phase1.TestAuth" name="test_register_new_account" time="0.381" /><testcase classname="tests.test_phase1.TestAuth" name="test_register_short_password" time="0.094" /><testcase classname="tests.test_phase1.TestAuth" name="test_refresh" time="0.043" /><testcase classname="tests.test_phase1.TestAuth" name="test_logout" time="0.423" /><testcase classname="tests.test_phase1.TestProjects" name="test_seeded_project_progress" time="0.055" /><testcase classname="tests.test_phase1.TestProjects" name="test_get_seeded_roadmap" time="0.046" /><testcase classname="tests.test_phase1.TestProjects" name="test_create_project_and_verify_roadmap" time="0.148" /><testcase classname="tests.test_phase1.TestProjects" name="test_invalid_postcode" time="0.043" /><testcase classname="tests.test_phase1.TestProjects" name="test_update_project" time="0.176" /><testcase classname="tests.test_phase1.TestProjects" name="test_delete_removes_tasks" time="0.175" /><testcase classname="tests.test_phase1.TestTasks" name="test_task_status_updates_progress" time="0.302" /><testcase classname="tests.test_phase1.TestTasks" name="test_custom_task_crud" time="0.369" /><testcase classname="tests.test_phase1.TestTasks" name="test_invalid_task_status" time="0.089" /><testcase classname="tests.test_phase1.TestTasks" name="test_invalid_stage_key_new_task" time="0.044" /><testcase classname="tests.test_phase1.TestPhotos" name="test_photos_list_authorized" time="0.045" /><testcase classname="tests.test_phase1.TestPhotos" name="test_photo_bogus_project_id_404" time="0.088" /><testcase classname="tests.test_phase1.TestPhotos" name="test_photo_analyze_with_project_and_filter" time="2.261" /><testcase classname="tests.test_phase2.TestTrades" name="test_list_seeded_trades" time="0.356" /><testcase classname="tests.test_phase2.TestTrades" name="test_create_update_delete_trade" time="0.217" /><testcase classname="tests.test_phase2.TestTrades" name="test_invalid_trade_type" time="0.042" /><testcase classname="tests.test_phase2.TestTrades" name="test_invalid_rating" time="0.044" /><testcase classname="tests.test_phase2.TestTrades" name="test_delete_referenced_trade_blocked" time="0.222" /><testcase classname="tests.test_phase2.TestTrades" name="test_assign_unassign_trade_to_project" time="0.303" /><testcase classname="tests.test_phase2.TestTaskTradeLink" name="test_roadmap_has_trade_names" time="0.048" /><testcase classname="tests.test_phase2.TestTaskTradeLink" name="test_link_task_to_trade" time="0.301" /><testcase classname="tests.test_phase2.TestTaskTradeLink" name="test_link_task_invalid_trade" time="0.091" /><testcase classname="tests.test_phase2.TestQuotes" name="test_list_seeded_quotes" time="0.043" /><testcase classname="tests.test_phase2.TestQuotes" name="test_create_quote" time="0.174" /><testcase classname="tests.test_phase2.TestQuotes" name="test_invalid_stage_key" time="0.128" /><testcase classname="tests.test_phase2.TestQuotes" name="test_accept_plumbing_quote_auto_rejects_others" time="0.265" /><testcase classname="tests.test_phase2.TestQuotes" name="test_quote_attachment_upload_and_get" time="0.299" /><testcase classname="tests.test_phase2.TestInvoices" name="test_seeded_invoices_summary" time="0.044" /><testcase classname="tests.test_phase2.TestInvoices" name="test_add_and_delete_payment" time="0.302" /><testcase classname="tests.test_phase2.TestInvoices" name="test_zero_payment_rejected" time="0.208" /><testcase classname="tests.test_phase2.TestInvoices" name="test_quote_overrun_warning" time="0.209" /><testcase classname="tests.test_phase2.TestClaims" name="test_seeded_claims" time="0.041" /><testcase classname="tests.test_phase2.TestClaims" name="test_amount_change_triggers_variance_warning" time="0.174" /><testcase classname="tests.test_phase2.TestClaims" name="test_status_claimed_auto_stamps_date" time="0.155" /><testcase classname="tests.test_phase2.TestClaims" name="test_generate_conflict_without_force" time="0.083" /><testcase classname="tests.test_phase2.TestClaims" name="test_generate_new_project_creates_6_lines" time="0.213" /><testcase classname="tests.test_phase3" name="test_rates_unauth" time="0.110" /><testcase classname="tests.test_phase3.TestRates" name="test_list_17_sorted" time="0.369" /><testcase classname="tests.test_phase3.TestRates" name="test_crud_custom_rate" time="0.137" /><testcase classname="tests.test_phase3.TestRates" name="test_invalid_trade_type" time="0.041" /><testcase classname="tests.test_phase3.TestRates" name="test_reset" time="0.091" /><testcase classname="tests.test_phase3.TestEstimates" name="test_summary" time="0.090" /><testcase classname="tests.test_phase3.TestEstimates" name="test_line_crud" time="0.215" /><testcase classname="tests.test_phase3.TestEstimates" name="test_validation_errors" time="0.126" /><testcase classname="tests.test_phase3.TestEstimates" name="test_settings_and_restore" time="0.173" /><testcase classname="tests.test_phase3.TestBudget" name="test_budget" time="0.047" /><testcase classname="tests.test_phase3.TestDashboard" name="test_dashboard" time="0.048" /></testsuite></testsuites>