<?xml version="1.0" encoding="utf-8"?><testsuites name="pytest tests"><testsuite name="pytest" errors="0" failures="0" skipped="0" tests="23" time="2.781" timestamp="2026-07-12T03:03:43.258763+00:00" hostname="agent-env-c68fa9e5-c3f3-4693-8ac6-043d63ed772b"><testcase classname="tests.test_phase2.TestTrades" name="test_list_seeded_trades" time="0.670" /><testcase classname="tests.test_phase2.TestTrades" name="test_create_update_delete_trade" time="0.198" /><testcase classname="tests.test_phase2.TestQuotes" name="test_list_seeded_quotes" time="0.776" /><testcase classname="tests.test_phase2.TestQuotes" name="test_create_quote" time="0.134" /><testcase classname="tests.test_phase2.TestTrades" name="test_invalid_trade_type" time="0.055" /><testcase classname="tests.test_phase2.TestQuotes" name="test_invalid_stage_key" time="0.092" /><testcase classname="tests.test_phase2.TestTrades" name="test_invalid_rating" time="0.054" /><testcase classname="tests.test_phase2.TestQuotes" name="test_accept_plumbing_quote_auto_rejects_others" time="0.242" /><testcase classname="tests.test_phase2.TestTrades" name="test_delete_referenced_trade_blocked" time="0.202" /><testcase classname="tests.test_phase2.TestTrades" name="test_assign_unassign_trade_to_project" time="0.355" /><testcase classname="tests.test_phase2.TestQuotes" name="test_quote_attachment_upload_and_get" time="0.242" /><testcase classname="tests.test_phase2.TestInvoices" name="test_seeded_invoices_summary" time="0.044" /><testcase classname="tests.test_phase2.TestInvoices" name="test_add_and_delete_payment" time="0.228" /><testcase classname="tests.test_phase2.TestClaims" name="test_seeded_claims" time="0.050" /><testcase classname="tests.test_phase2.TestClaims" name="test_amount_change_triggers_variance_warning" time="0.224" /><testcase classname="tests.test_phase2.TestInvoices" name="test_zero_payment_rejected" time="0.133" /><testcase classname="tests.test_phase2.TestClaims" name="test_status_claimed_auto_stamps_date" time="0.199" /><testcase classname="tests.test_phase2.TestInvoices" name="test_quote_overrun_warning" time="0.139" /><testcase classname="tests.test_phase2.TestClaims" name="test_generate_conflict_without_force" time="0.063" /><testcase classname="tests.test_phase2.TestTaskTradeLink" name="test_roadmap_has_trade_names" time="0.047" /><testcase classname="tests.test_phase2.TestClaims" name="test_generate_new_project_creates_6_lines" time="0.189" /><testcase classname="tests.test_phase2.TestTaskTradeLink" name="test_link_task_to_trade" time="0.232" /><testcase classname="tests.test_phase2.TestTaskTradeLink" name="test_link_task_invalid_trade" time="0.090" /></testsuite></testsuites>