<?xml version="1.0" encoding="utf-8"?><testsuites name="pytest tests"><testsuite name="pytest" errors="0" failures="0" skipped="0" tests="21" time="4.755" timestamp="2026-07-12T02:32:50.848443+00:00" hostname="agent-env-c68fa9e5-c3f3-4693-8ac6-043d63ed772b"><testcase classname="tests.test_phase1.TestAuth" name="test_unauth_projects_401" time="0.480" /><testcase classname="tests.test_phase1.TestAuth" name="test_unauth_photos_401" time="0.106" /><testcase classname="tests.test_phase1.TestProjects" name="test_seeded_project_progress" time="0.532" /><testcase classname="tests.test_phase1.TestProjects" name="test_get_seeded_roadmap" time="0.059" /><testcase classname="tests.test_phase1.TestProjects" name="test_create_project_and_verify_roadmap" time="0.352" /><testcase classname="tests.test_phase1.TestAuth" name="test_login_and_me" time="0.404" /><testcase classname="tests.test_phase1.TestProjects" name="test_invalid_postcode" time="0.092" /><testcase classname="tests.test_phase1.TestAuth" name="test_wrong_password_nonexistent_email" time="0.097" /><testcase classname="tests.test_phase1.TestProjects" name="test_update_project" time="0.413" /><testcase classname="tests.test_phase1.TestAuth" name="test_register_new_account" time="0.310" /><testcase classname="tests.test_phase1.TestAuth" name="test_register_short_password" time="0.101" /><testcase classname="tests.test_phase1.TestProjects" name="test_delete_removes_tasks" time="0.151" /><testcase classname="tests.test_phase1.TestAuth" name="test_refresh" time="0.048" /><testcase classname="tests.test_phase1.TestAuth" name="test_logout" time="0.456" /><testcase classname="tests.test_phase1.TestTasks" name="test_task_status_updates_progress" time="0.472" /><testcase classname="tests.test_phase1.TestPhotos" name="test_photos_list_authorized" time="0.049" /><testcase classname="tests.test_phase1.TestPhotos" name="test_photo_bogus_project_id_404" time="0.085" /><testcase classname="tests.test_phase1.TestTasks" name="test_custom_task_crud" time="0.399" /><testcase classname="tests.test_phase1.TestPhotos" name="test_photo_analyze_with_project_and_filter" time="2.268" /><testcase classname="tests.test_phase1.TestTasks" name="test_invalid_task_status" time="0.101" /><testcase classname="tests.test_phase1.TestTasks" name="test_invalid_stage_key_new_task" time="0.052" /></testsuite></testsuites>