<?xml version="1.0" encoding="utf-8"?><testsuites name="pytest tests"><testsuite name="pytest" errors="0" failures="0" skipped="0" tests="11" time="1.612" timestamp="2026-07-12T03:25:05.734869+00:00" hostname="agent-env-c68fa9e5-c3f3-4693-8ac6-043d63ed772b"><testcase classname="tests.test_phase3" name="test_rates_unauth" time="0.213" /><testcase classname="tests.test_phase3.TestRates" name="test_list_17_sorted" time="0.395" /><testcase classname="tests.test_phase3.TestRates" name="test_crud_custom_rate" time="0.150" /><testcase classname="tests.test_phase3.TestRates" name="test_invalid_trade_type" time="0.048" /><testcase classname="tests.test_phase3.TestRates" name="test_reset" time="0.114" /><testcase classname="tests.test_phase3.TestEstimates" name="test_summary" time="0.102" /><testcase classname="tests.test_phase3.TestEstimates" name="test_line_crud" time="0.199" /><testcase classname="tests.test_phase3.TestEstimates" name="test_validation_errors" time="0.093" /><testcase classname="tests.test_phase3.TestEstimates" name="test_settings_and_restore" time="0.146" /><testcase classname="tests.test_phase3.TestBudget" name="test_budget" time="0.050" /><testcase classname="tests.test_phase3.TestDashboard" name="test_dashboard" time="0.052" /></testsuite></testsuites>