<?xml version="1.0" encoding="utf-8"?><testsuites name="pytest tests"><testsuite name="pytest" errors="0" failures="0" skipped="0" tests="8" time="3.811" timestamp="2026-07-12T01:55:43.467128+00:00" hostname="agent-env-c68fa9e5-c3f3-4693-8ac6-043d63ed772b"><testcase classname="tests.test_photos" name="test_openapi_reachable" time="0.215" /><testcase classname="tests.test_photos" name="test_analyze_real_ai" time="1.916" /><testcase classname="tests.test_photos" name="test_invalid_project_stage" time="0.190" /><testcase classname="tests.test_photos" name="test_non_image_upload" time="0.118" /><testcase classname="tests.test_photos" name="test_oversized_upload" time="0.661" /><testcase classname="tests.test_photos" name="test_list_photos_newest_first" time="0.117" /><testcase classname="tests.test_photos" name="test_get_photo_image" time="0.154" /><testcase classname="tests.test_photos" name="test_get_photo_image_404" time="0.104" /></testsuite></testsuites>